ISim log file
Running: C:\Users\Jihoon Park\Desktop\digital\term_project\filter_isim_beh.exe -intstyle ise -gui -tclbatch isim.cmd -wdb C:/Users/Jihoon Park/Desktop/digital/term_project/filter_isim_beh.wdb 
ISim P.20131013 (signature 0x7708f090)
WARNING: A WEBPACK license was found.
WARNING: Please use Xilinx License Configuration Manager to check out a full ISim license.
WARNING: ISim will run in Lite mode. Please refer to the ISim documentation for more information on the differences between the Lite and the Full version.
This is a Lite version of ISim.
Time resolution is 1 ps
# onerror resume
# wave add /
# run 1000 ns
Simulator is doing circuit initialization process.
at 0 ps, Instance /filter/ : Warning: There is an 'U'|'X'|'W'|'Z'|'-' in an arithmetic operand, the result will be 'X'(es).
ERROR: In process filter.vhd:135 
 Target Size 12 and source size 8 for array dimension 0 does not match. 

INFO: Simulator is stopped.
# run all
INFO: Simulator is stopped.
# run all
INFO: Simulator is stopped.
# run all
INFO: Simulator is stopped.
# run all
INFO: Simulator is stopped.
# run all
INFO: Simulator is stopped.
# run all
INFO: Simulator is stopped.
# run 100ns
INFO: Simulator is stopped.
# run all
INFO: Simulator is stopped.
# run all
INFO: Simulator is stopped.
# restart
# run all
Simulator is doing circuit initialization process.
ERROR: In process filter.vhd:135 
 Target Size 12 and source size 8 for array dimension 0 does not match. 

INFO: Simulator is stopped.
# run all
INFO: Simulator is stopped.
# run all
INFO: Simulator is stopped.
# step
INFO: Simulator is stopped.
# step
INFO: Simulator is stopped.
# step
INFO: Simulator is stopped.
# step
INFO: Simulator is stopped.
# step
INFO: Simulator is stopped.
# step
INFO: Simulator is stopped.
# step
INFO: Simulator is stopped.
# step
INFO: Simulator is stopped.
# step
INFO: Simulator is stopped.
# step
INFO: Simulator is stopped.
# step
INFO: Simulator is stopped.
# step
INFO: Simulator is stopped.
# step
INFO: Simulator is stopped.
# step
INFO: Simulator is stopped.
# step
INFO: Simulator is stopped.
ISim P.20131013 (signature 0x7708f090)
WARNING: A WEBPACK license was found.
WARNING: Please use Xilinx License Configuration Manager to check out a full ISim license.
WARNING: ISim will run in Lite mode. Please refer to the ISim documentation for more information on the differences between the Lite and the Full version.
This is a Lite version of ISim.
# run 1000 ns
Simulator is doing circuit initialization process.
at 0 ps, Instance /filter/ : Warning: There is an 'U'|'X'|'W'|'Z'|'-' in an arithmetic operand, the result will be 'X'(es).
ERROR: In process filter.vhd:135 
 Target Size 12 and source size 8 for array dimension 0 does not match. 

INFO: Simulator is stopped.
# run 100ns
INFO: Simulator is stopped.
# run 100ns
INFO: Simulator is stopped.
# run 100ns
INFO: Simulator is stopped.
# run all
INFO: Simulator is stopped.
