Release 14.7 - xst P.20131013 (nt64)
Copyright (c) 1995-2013 Xilinx, Inc.  All rights reserved.
--> Parameter TMPDIR set to xst/projnav.tmp


Total REAL time to Xst completion: 1.00 secs
Total CPU time to Xst completion: 0.21 secs
 
--> Parameter xsthdpdir set to xst


Total REAL time to Xst completion: 1.00 secs
Total CPU time to Xst completion: 0.21 secs
 
--> Reading design: top.prj

TABLE OF CONTENTS
  1) Synthesis Options Summary
  2) HDL Compilation
  3) Design Hierarchy Analysis
  4) HDL Analysis
  5) HDL Synthesis
     5.1) HDL Synthesis Report
  6) Advanced HDL Synthesis
     6.1) Advanced HDL Synthesis Report
  7) Low Level Synthesis
  8) Partition Report
  9) Final Report
	9.1) Device utilization summary
	9.2) Partition Resource Summary
	9.3) TIMING REPORT


=========================================================================
*                      Synthesis Options Summary                        *
=========================================================================
---- Source Parameters
Input File Name                    : "top.prj"
Input Format                       : mixed
Ignore Synthesis Constraint File   : NO

---- Target Parameters
Output File Name                   : "top"
Output Format                      : NGC
Target Device                      : xc3s50-5-pq208

---- Source Options
Top Module Name                    : top
Automatic FSM Extraction           : YES
FSM Encoding Algorithm             : Auto
Safe Implementation                : No
FSM Style                          : LUT
RAM Extraction                     : Yes
RAM Style                          : Auto
ROM Extraction                     : Yes
Mux Style                          : Auto
Decoder Extraction                 : YES
Priority Encoder Extraction        : Yes
Shift Register Extraction          : YES
Logical Shifter Extraction         : YES
XOR Collapsing                     : YES
ROM Style                          : Auto
Mux Extraction                     : Yes
Resource Sharing                   : YES
Asynchronous To Synchronous        : NO
Multiplier Style                   : Auto
Automatic Register Balancing       : No

---- Target Options
Add IO Buffers                     : YES
Global Maximum Fanout              : 100000
Add Generic Clock Buffer(BUFG)     : 8
Register Duplication               : YES
Slice Packing                      : YES
Optimize Instantiated Primitives   : NO
Use Clock Enable                   : Yes
Use Synchronous Set                : Yes
Use Synchronous Reset              : Yes
Pack IO Registers into IOBs        : Auto
Equivalent register Removal        : YES

---- General Options
Optimization Goal                  : Speed
Optimization Effort                : 1
Keep Hierarchy                     : No
Netlist Hierarchy                  : As_Optimized
RTL Output                         : Yes
Global Optimization                : AllClockNets
Read Cores                         : YES
Write Timing Constraints           : NO
Cross Clock Analysis               : NO
Hierarchy Separator                : /
Bus Delimiter                      : <>
Case Specifier                     : Maintain
Slice Utilization Ratio            : 100
BRAM Utilization Ratio             : 100
Verilog 2001                       : YES
Auto BRAM Packing                  : NO
Slice Utilization Ratio Delta      : 5

---- Other Options
Cores Search Directories           : {"ipcore_dir"  }

=========================================================================


=========================================================================
*                          HDL Compilation                              *
=========================================================================
Compiling vhdl file "C:/Users/Jihoon Park/Desktop/digital/term_project/address_counter.vhd" in Library work.
Architecture behavioral of Entity address_counter is up to date.
Compiling vhdl file "C:/Users/Jihoon Park/Desktop/digital/term_project/dff.vhd" in Library work.
Architecture behavioral of Entity dff is up to date.
Compiling vhdl file "C:/Users/Jihoon Park/Desktop/digital/term_project/tri_state_buffer.vhd" in Library work.
Architecture behavioral of Entity tri_state_buffer is up to date.
Compiling vhdl file "C:/Users/Jihoon Park/Desktop/digital/term_project/latch.vhd" in Library work.
Architecture behavioral of Entity latch is up to date.
Compiling vhdl file "C:/Users/Jihoon Park/Desktop/digital/term_project/mux_2.vhd" in Library work.
Architecture behavioral of Entity mux_2 is up to date.
Compiling vhdl file "C:/Users/Jihoon Park/Desktop/digital/term_project/mux_4.vhd" in Library work.
Architecture behavioral of Entity mux_4 is up to date.
Compiling vhdl file "C:/Users/Jihoon Park/Desktop/digital/term_project/addr_decoder.vhd" in Library work.
Architecture behavioral of Entity addr_decoder is up to date.
Compiling vhdl file "C:/Users/Jihoon Park/Desktop/digital/term_project/ipcore_dir/dual_port_ram.vhd" in Library work.
Architecture dual_port_ram_a of Entity dual_port_ram is up to date.
Compiling vhdl file "C:/Users/Jihoon Park/Desktop/digital/term_project/filter.vhd" in Library work.
Architecture behavioral of Entity filter is up to date.
Compiling vhdl file "C:/Users/Jihoon Park/Desktop/digital/term_project/control_signal_generator.vhd" in Library work.
Architecture behavioral of Entity control_signal_generator is up to date.
Compiling vhdl file "C:/Users/Jihoon Park/Desktop/digital/term_project/top.vhd" in Library work.
Entity <top> compiled.
Entity <top> (Architecture <behavioral>) compiled.

=========================================================================
*                     Design Hierarchy Analysis                         *
=========================================================================
Analyzing hierarchy for entity <top> in library <work> (architecture <behavioral>).
"C:/Users/Jihoon Park/Desktop/digital/term_project/top.vhd" line 289: In entity <top>
ERROR:Xst:2587 - Port <addra> of instance <RAM0> has different type in definition <dual_port_ram>.
ERROR:Xst:2587 - Port <addrb> of instance <RAM0> has different type in definition <dual_port_ram>.
--> 

Total memory usage is 250352 kilobytes

Number of errors   :    2 (   0 filtered)
Number of warnings :    0 (   0 filtered)
Number of infos    :    0 (   0 filtered)

